[0m02:14:45.945666 [debug] [MainThread]: Sending event: {'category': 'dbt', 'action': 'invocation', 'label': 'start', 'context': [<snowplow_tracker.self_describing_json.SelfDescribingJson object at 0x113454dd0>, <snowplow_tracker.self_describing_json.SelfDescribingJson object at 0x1134e4910>, <snowplow_tracker.self_describing_json.SelfDescribingJson object at 0x1134e5050>]}


============================== 02:14:45.952979 | 85cd022d-7af0-4719-aa5d-06cfa09d33d8 ==============================
[0m02:14:45.952979 [info ] [MainThread]: Running with dbt=1.7.5
[0m02:14:45.953770 [debug] [MainThread]: running dbt with arguments {'printer_width': '80', 'indirect_selection': 'eager', 'write_json': 'True', 'log_cache_events': 'False', 'partial_parse': 'True', 'cache_selected_only': 'False', 'warn_error': 'None', 'debug': 'False', 'profiles_dir': '/Users/windaru/.dbt', 'log_path': 'logs', 'version_check': 'True', 'fail_fast': 'False', 'use_colors': 'True', 'use_experimental_parser': 'False', 'no_print': 'None', 'quiet': 'False', 'warn_error_options': 'WarnErrorOptions(include=[], exclude=[])', 'introspect': 'True', 'static_parser': 'True', 'log_format': 'default', 'target_path': 'None', 'invocation_command': 'dbt init nyc_taxi', 'send_anonymous_usage_stats': 'True'}
[0m02:14:45.956769 [debug] [MainThread]: Starter project path: /Users/windaru/anaconda3/envs/dbt_airbnb/lib/python3.11/site-packages/dbt/include/starter_project
[0m02:14:45.971282 [info ] [MainThread]: 
Your new dbt project "nyc_taxi" was created!

For more information on how to configure the profiles.yml file,
please consult the dbt documentation here:

  https://docs.getdbt.com/docs/configure-your-profile

One more thing:

Need help? Don't hesitate to reach out to us via GitHub issues or on Slack:

  https://community.getdbt.com/

Happy modeling!

[0m02:14:45.971963 [info ] [MainThread]: Setting up your profile.
[0m02:15:54.626280 [info ] [MainThread]: Profile nyc_taxi written to /Users/windaru/.dbt/profiles.yml using target's profile_template.yml and your supplied values. Run 'dbt debug' to validate the connection.
[0m02:15:54.628311 [debug] [MainThread]: Resource report: {"command_name": "init", "command_success": true, "command_wall_clock_time": 68.75712, "process_user_time": 3.973472, "process_kernel_time": 1.29634, "process_mem_max_rss": "194330624", "process_in_blocks": "0", "process_out_blocks": "0"}
[0m02:15:54.629444 [debug] [MainThread]: Command `dbt init` succeeded at 02:15:54.629195 after 68.76 seconds
[0m02:15:54.630140 [debug] [MainThread]: Sending event: {'category': 'dbt', 'action': 'invocation', 'label': 'end', 'context': [<snowplow_tracker.self_describing_json.SelfDescribingJson object at 0x1134e4e10>, <snowplow_tracker.self_describing_json.SelfDescribingJson object at 0x113456490>, <snowplow_tracker.self_describing_json.SelfDescribingJson object at 0x1278ba510>]}
[0m02:15:54.630859 [debug] [MainThread]: Flushing usage events
[0m02:22:50.417887 [debug] [MainThread]: Sending event: {'category': 'dbt', 'action': 'invocation', 'label': 'start', 'context': [<snowplow_tracker.self_describing_json.SelfDescribingJson object at 0x104aa2c90>, <snowplow_tracker.self_describing_json.SelfDescribingJson object at 0x104b089d0>, <snowplow_tracker.self_describing_json.SelfDescribingJson object at 0x104b09110>]}


============================== 02:22:50.425312 | 6da986d0-19c0-4411-a9c8-9abc3db41497 ==============================
[0m02:22:50.425312 [info ] [MainThread]: Running with dbt=1.7.5
[0m02:22:50.426286 [debug] [MainThread]: running dbt with arguments {'printer_width': '80', 'indirect_selection': 'eager', 'log_cache_events': 'False', 'write_json': 'True', 'partial_parse': 'True', 'cache_selected_only': 'False', 'profiles_dir': '/Users/windaru/.dbt', 'fail_fast': 'False', 'debug': 'False', 'log_path': 'logs', 'warn_error': 'None', 'version_check': 'True', 'use_colors': 'True', 'use_experimental_parser': 'False', 'no_print': 'None', 'quiet': 'False', 'log_format': 'default', 'static_parser': 'True', 'introspect': 'True', 'invocation_command': 'dbt debug', 'target_path': 'None', 'warn_error_options': 'WarnErrorOptions(include=[], exclude=[])', 'send_anonymous_usage_stats': 'True'}
[0m02:22:50.427157 [info ] [MainThread]: dbt version: 1.7.5
[0m02:22:50.427628 [info ] [MainThread]: python version: 3.11.7
[0m02:22:50.428070 [info ] [MainThread]: python path: /Users/windaru/anaconda3/envs/dbt_airbnb/bin/python
[0m02:22:50.428483 [info ] [MainThread]: os info: macOS-10.16-x86_64-i386-64bit
[0m02:22:53.691906 [info ] [MainThread]: Using profiles dir at /Users/windaru/.dbt
[0m02:22:53.692523 [info ] [MainThread]: Using profiles.yml file at /Users/windaru/.dbt/profiles.yml
[0m02:22:53.693121 [info ] [MainThread]: Using dbt_project.yml file at /Users/windaru/Project/zoomcamp-de-course/week4/dbt_project.yml
[0m02:22:53.693749 [error] [MainThread]: Encountered an error:
Internal Error
  Profile should not be None if loading profile completed
[0m02:22:53.694978 [debug] [MainThread]: Resource report: {"command_name": "debug", "command_wall_clock_time": 3.3514786, "process_user_time": 4.156369, "process_kernel_time": 1.064842, "process_mem_max_rss": "207233024", "command_success": false, "process_in_blocks": "0", "process_out_blocks": "0"}
[0m02:22:53.695583 [debug] [MainThread]: Command `dbt debug` failed at 02:22:53.695438 after 3.35 seconds
[0m02:22:53.696010 [debug] [MainThread]: Sending event: {'category': 'dbt', 'action': 'invocation', 'label': 'end', 'context': [<snowplow_tracker.self_describing_json.SelfDescribingJson object at 0x104ada550>, <snowplow_tracker.self_describing_json.SelfDescribingJson object at 0x104a7e550>, <snowplow_tracker.self_describing_json.SelfDescribingJson object at 0x11b896b10>]}
[0m02:22:53.696450 [debug] [MainThread]: Flushing usage events
[0m02:24:03.030750 [debug] [MainThread]: Sending event: {'category': 'dbt', 'action': 'invocation', 'label': 'start', 'context': [<snowplow_tracker.self_describing_json.SelfDescribingJson object at 0x1092d4990>, <snowplow_tracker.self_describing_json.SelfDescribingJson object at 0x10935cd50>, <snowplow_tracker.self_describing_json.SelfDescribingJson object at 0x10935d490>]}


============================== 02:24:03.038794 | bf46dc82-6604-49d6-9fe9-5e82b14b4940 ==============================
[0m02:24:03.038794 [info ] [MainThread]: Running with dbt=1.7.5
[0m02:24:03.039812 [debug] [MainThread]: running dbt with arguments {'printer_width': '80', 'indirect_selection': 'eager', 'log_cache_events': 'False', 'write_json': 'True', 'partial_parse': 'True', 'cache_selected_only': 'False', 'warn_error': 'None', 'version_check': 'True', 'debug': 'False', 'log_path': 'logs', 'profiles_dir': '/Users/windaru/.dbt', 'fail_fast': 'False', 'use_colors': 'True', 'use_experimental_parser': 'False', 'no_print': 'None', 'quiet': 'False', 'warn_error_options': 'WarnErrorOptions(include=[], exclude=[])', 'introspect': 'True', 'static_parser': 'True', 'invocation_command': 'dbt debug', 'target_path': 'None', 'log_format': 'default', 'send_anonymous_usage_stats': 'True'}
[0m02:24:03.040674 [info ] [MainThread]: dbt version: 1.7.5
[0m02:24:03.041163 [info ] [MainThread]: python version: 3.11.7
[0m02:24:03.041641 [info ] [MainThread]: python path: /Users/windaru/anaconda3/envs/dbt_airbnb/bin/python
[0m02:24:03.042089 [info ] [MainThread]: os info: macOS-10.16-x86_64-i386-64bit
[0m02:24:06.268475 [info ] [MainThread]: Using profiles dir at /Users/windaru/.dbt
[0m02:24:06.269102 [info ] [MainThread]: Using profiles.yml file at /Users/windaru/.dbt/profiles.yml
[0m02:24:06.269696 [info ] [MainThread]: Using dbt_project.yml file at /Users/windaru/Project/zoomcamp-de-course/week4/dbt_project.yml
[0m02:24:06.270277 [error] [MainThread]: Encountered an error:
Internal Error
  Profile should not be None if loading profile completed
[0m02:24:06.271674 [debug] [MainThread]: Resource report: {"command_name": "debug", "command_wall_clock_time": 3.307082, "process_user_time": 4.296328, "process_kernel_time": 1.069365, "process_mem_max_rss": "206921728", "command_success": false, "process_in_blocks": "0", "process_out_blocks": "0"}
[0m02:24:06.272706 [debug] [MainThread]: Command `dbt debug` failed at 02:24:06.272476 after 3.31 seconds
[0m02:24:06.273263 [debug] [MainThread]: Sending event: {'category': 'dbt', 'action': 'invocation', 'label': 'end', 'context': [<snowplow_tracker.self_describing_json.SelfDescribingJson object at 0x1092d6190>, <snowplow_tracker.self_describing_json.SelfDescribingJson object at 0x10932e810>, <snowplow_tracker.self_describing_json.SelfDescribingJson object at 0x10932e350>]}
[0m02:24:06.273794 [debug] [MainThread]: Flushing usage events
[0m02:24:51.736274 [debug] [MainThread]: Sending event: {'category': 'dbt', 'action': 'invocation', 'label': 'start', 'context': [<snowplow_tracker.self_describing_json.SelfDescribingJson object at 0x112608210>, <snowplow_tracker.self_describing_json.SelfDescribingJson object at 0x112670c90>, <snowplow_tracker.self_describing_json.SelfDescribingJson object at 0x1126713d0>]}


============================== 02:24:51.745841 | a78c207c-7366-4462-8c93-443eb612fa71 ==============================
[0m02:24:51.745841 [info ] [MainThread]: Running with dbt=1.7.5
[0m02:24:51.747161 [debug] [MainThread]: running dbt with arguments {'printer_width': '80', 'indirect_selection': 'eager', 'log_cache_events': 'False', 'write_json': 'True', 'partial_parse': 'True', 'cache_selected_only': 'False', 'warn_error': 'None', 'fail_fast': 'False', 'version_check': 'True', 'log_path': 'logs', 'debug': 'False', 'profiles_dir': '/Users/windaru/.dbt', 'use_colors': 'True', 'use_experimental_parser': 'False', 'no_print': 'None', 'quiet': 'False', 'warn_error_options': 'WarnErrorOptions(include=[], exclude=[])', 'invocation_command': 'dbt debug --config-dir', 'log_format': 'default', 'introspect': 'True', 'target_path': 'None', 'static_parser': 'True', 'send_anonymous_usage_stats': 'True'}
[0m02:24:51.748248 [info ] [MainThread]: To view your profiles.yml file, run:

open /Users/windaru/.dbt
[0m02:24:51.751640 [debug] [MainThread]: Resource report: {"command_name": "debug", "command_success": true, "command_wall_clock_time": 0.085752994, "process_user_time": 2.157682, "process_kernel_time": 0.397624, "process_mem_max_rss": "96862208", "process_in_blocks": "0", "process_out_blocks": "0"}
[0m02:24:51.752996 [debug] [MainThread]: Command `dbt debug` succeeded at 02:24:51.752572 after 0.09 seconds
[0m02:24:51.753844 [debug] [MainThread]: Sending event: {'category': 'dbt', 'action': 'invocation', 'label': 'end', 'context': [<snowplow_tracker.self_describing_json.SelfDescribingJson object at 0x1125ea550>, <snowplow_tracker.self_describing_json.SelfDescribingJson object at 0x112673190>, <snowplow_tracker.self_describing_json.SelfDescribingJson object at 0x112673090>]}
[0m02:24:51.754529 [debug] [MainThread]: Flushing usage events
[0m02:26:28.912108 [debug] [MainThread]: Sending event: {'category': 'dbt', 'action': 'invocation', 'label': 'start', 'context': [<snowplow_tracker.self_describing_json.SelfDescribingJson object at 0x10a443e90>, <snowplow_tracker.self_describing_json.SelfDescribingJson object at 0x10a4a8bd0>, <snowplow_tracker.self_describing_json.SelfDescribingJson object at 0x10a4a9310>]}


============================== 02:26:28.916570 | abee6969-2496-47b6-a500-5e3d4b8a7ecb ==============================
[0m02:26:28.916570 [info ] [MainThread]: Running with dbt=1.7.5
[0m02:26:28.917325 [debug] [MainThread]: running dbt with arguments {'printer_width': '80', 'indirect_selection': 'eager', 'write_json': 'True', 'log_cache_events': 'False', 'partial_parse': 'True', 'cache_selected_only': 'False', 'profiles_dir': '/Users/windaru/.dbt', 'fail_fast': 'False', 'debug': 'False', 'log_path': 'logs', 'version_check': 'True', 'warn_error': 'None', 'use_colors': 'True', 'use_experimental_parser': 'False', 'no_print': 'None', 'quiet': 'False', 'log_format': 'default', 'introspect': 'True', 'warn_error_options': 'WarnErrorOptions(include=[], exclude=[])', 'invocation_command': 'dbt debug', 'target_path': 'None', 'static_parser': 'True', 'send_anonymous_usage_stats': 'True'}
[0m02:26:28.918066 [info ] [MainThread]: dbt version: 1.7.5
[0m02:26:28.918550 [info ] [MainThread]: python version: 3.11.7
[0m02:26:28.918997 [info ] [MainThread]: python path: /Users/windaru/anaconda3/envs/dbt_airbnb/bin/python
[0m02:26:28.919419 [info ] [MainThread]: os info: macOS-10.16-x86_64-i386-64bit
[0m02:26:32.348739 [info ] [MainThread]: Using profiles dir at /Users/windaru/.dbt
[0m02:26:32.349399 [info ] [MainThread]: Using profiles.yml file at /Users/windaru/.dbt/profiles.yml
[0m02:26:32.349978 [info ] [MainThread]: Using dbt_project.yml file at /Users/windaru/Project/zoomcamp-de-course/week4/dbt_project.yml
[0m02:26:32.350561 [error] [MainThread]: Encountered an error:
Internal Error
  Profile should not be None if loading profile completed
[0m02:26:32.351284 [debug] [MainThread]: Resource report: {"command_name": "debug", "command_wall_clock_time": 3.4952266, "process_user_time": 3.851472, "process_kernel_time": 0.868082, "process_mem_max_rss": "207519744", "command_success": false, "process_in_blocks": "0", "process_out_blocks": "0"}
[0m02:26:32.351865 [debug] [MainThread]: Command `dbt debug` failed at 02:26:32.351720 after 3.50 seconds
[0m02:26:32.352291 [debug] [MainThread]: Sending event: {'category': 'dbt', 'action': 'invocation', 'label': 'end', 'context': [<snowplow_tracker.self_describing_json.SelfDescribingJson object at 0x10a4226d0>, <snowplow_tracker.self_describing_json.SelfDescribingJson object at 0x10a47b590>, <snowplow_tracker.self_describing_json.SelfDescribingJson object at 0x106619a10>]}
[0m02:26:32.352733 [debug] [MainThread]: Flushing usage events
